<?xml version="1.0" encoding="UTF-8"?>
<!-- Generated by org.testng.reporters.JUnitReportReporter -->
<testsuite hostname="LAPTOP-SQBD1KF4" failures="0" tests="1" name="TestCases.Checkout2Test" time="14.003" errors="0" timestamp="2022-12-29T19:47:27 IST" skipped="0">
  <testcase classname="TestCases.Checkout2Test" name="verifyFinishTest" time="14.003"/>
</testsuite> <!-- TestCases.Checkout2Test -->
