<?xml version="1.0" encoding="UTF-8"?>
<!-- Generated by org.testng.reporters.JUnitReportReporter -->
<testsuite hostname="LAPTOP-SQBD1KF4" failures="0" tests="3" name="TestCases.ParallelTest" time="40.708" errors="0" timestamp="2023-01-14T11:33:04 IST" skipped="0">
  <testcase classname="TestCases.ParallelTest" name="test3" time="12.113"/>
  <testcase classname="TestCases.ParallelTest" name="test" time="16.659"/>
  <testcase classname="TestCases.ParallelTest" name="test2" time="11.936"/>
</testsuite> <!-- TestCases.ParallelTest -->
