<?xml version="1.0" encoding="UTF-8"?>
<!-- Generated by org.testng.reporters.JUnitReportReporter -->
<testsuite hostname="LAPTOP-SQBD1KF4" failures="0" tests="1" name="TestCases.CaptureScreenshotforFailed" time="3.270" errors="0" timestamp="2023-01-06T11:49:13 IST" skipped="0">
  <testcase classname="TestCases.CaptureScreenshotforFailed" name="verifyTitleTest" time="3.270"/>
</testsuite> <!-- TestCases.CaptureScreenshotforFailed -->
