<?xml version="1.0" encoding="UTF-8"?>
<!-- Generated by org.testng.reporters.JUnitReportReporter -->
<testsuite hostname="LAPTOP-SQBD1KF4" failures="0" tests="2" name="TestCases.InventoryPageTest" time="12.327" errors="0" timestamp="2023-01-06T12:12:41 IST" skipped="0">
  <testcase classname="TestCases.InventoryPageTest" name="addProductTest" time="8.068"/>
  <testcase classname="TestCases.InventoryPageTest" name="verifyProductsLogoTest" time="4.259"/>
</testsuite> <!-- TestCases.InventoryPageTest -->
