<?xml version="1.0" encoding="UTF-8"?>
<!-- Generated by org.testng.reporters.JUnitReportReporter -->
<testsuite hostname="LAPTOP-SQBD1KF4" failures="0" tests="1" name="TestCases.CartPageTest" time="9.401" errors="0" timestamp="2022-12-29T19:01:19 IST" skipped="0">
  <testcase classname="TestCases.CartPageTest" name="verifyCheckoutTest" time="9.401"/>
</testsuite> <!-- TestCases.CartPageTest -->
