<?xml version="1.0" encoding="UTF-8"?>
<!-- Generated by org.testng.reporters.JUnitReportReporter -->
<testsuite hostname="LAPTOP-SQBD1KF4" failures="0" tests="2" name="TestCases.DemoTest" time="3.126" errors="0" timestamp="2023-01-05T11:30:01 IST" skipped="1">
  <testcase classname="TestCases.DemoTest" name="verifyLoginPageURLTest" time="3.126"/>
  <testcase classname="TestCases.DemoTest" name="verifyTitleTest">
    <skipped/>
  </testcase> <!-- verifyTitleTest -->
</testsuite> <!-- TestCases.DemoTest -->
