<?xml version="1.0" encoding="UTF-8"?>
<!-- Generated by org.testng.reporters.JUnitReportReporter -->
<testsuite hostname="LAPTOP-SQBD1KF4" failures="0" tests="5" name="TestCases.LoginPageTest" time="20.100" errors="0" timestamp="2023-01-06T12:12:41 IST" skipped="3">
  <testcase classname="TestCases.LoginPageTest" name="verifyLoginLogoTest" time="18.013"/>
  <testcase classname="TestCases.LoginPageTest" name="verifyTitleTest" time="2.087"/>
  <testcase classname="TestCases.LoginPageTest" name="verifyBotLogoTest">
    <skipped/>
  </testcase> <!-- verifyBotLogoTest -->
  <testcase classname="TestCases.LoginPageTest" name="loginToAppTest">
    <skipped/>
  </testcase> <!-- loginToAppTest -->
  <testcase classname="TestCases.LoginPageTest" name="verifyLoginPageURLTest">
    <skipped/>
  </testcase> <!-- verifyLoginPageURLTest -->
</testsuite> <!-- TestCases.LoginPageTest -->
