<?xml version="1.0" encoding="UTF-8"?>
<!-- Generated by org.testng.reporters.JUnitReportReporter -->
<testsuite hostname="LAPTOP-SQBD1KF4" failures="0" tests="1" name="TestCases.Checkout1Test" time="54.137" errors="0" timestamp="2022-12-29T19:28:39 IST" skipped="0">
  <testcase classname="TestCases.Checkout1Test" name="verifyContinueTest" time="54.137"/>
</testsuite> <!-- TestCases.Checkout1Test -->
